{
  "RSpec": {
    "coverage": {
      "/Users/david.henry/dev/laa-assess-non-standard-magistrate-fee/app/helpers/application_helper.rb": {
        "lines": [
          null,
          null,
          1,
          null
        ],
        "branches": {
        }
      },
      "/Users/david.henry/dev/laa-assess-non-standard-magistrate-fee/app/channels/application_cable/channel.rb": {
        "lines": [
          null,
          null,
          0,
          0,
          0,
          0
        ],
        "branches": {
        }
      },
      "/Users/david.henry/dev/laa-assess-non-standard-magistrate-fee/app/channels/application_cable/connection.rb": {
        "lines": [
          null,
          null,
          0,
          0,
          0,
          0
        ],
        "branches": {
        }
      },
      "/Users/david.henry/dev/laa-assess-non-standard-magistrate-fee/app/controllers/application_controller.rb": {
        "lines": [
          null,
          null,
          0,
          0
        ],
        "branches": {
        }
      },
      "/Users/david.henry/dev/laa-assess-non-standard-magistrate-fee/app/models/application_record.rb": {
        "lines": [
          null,
          null,
          0,
          0,
          0
        ],
        "branches": {
        }
      }
    },
    "timestamp": 1690908010
  }
}
