SF:./app/channels/application_cable/channel.rb
DA:3,0
DA:4,0
DA:5,0
DA:6,0
BRF:0
BRH:0
end_of_record
SF:./app/channels/application_cable/connection.rb
DA:3,0
DA:4,0
DA:5,0
DA:6,0
BRF:0
BRH:0
end_of_record
SF:./app/controllers/application_controller.rb
DA:3,0
DA:4,0
BRF:0
BRH:0
end_of_record
SF:./app/controllers/application_versions_controller.rb
DA:1,0
DA:2,0
DA:3,0
DA:4,0
DA:5,0
DA:7,0
DA:8,0
DA:10,0
DA:11,0
DA:13,0
DA:14,0
DA:16,0
DA:17,0
DA:18,0
DA:19,0
DA:20,0
DA:22,0
DA:24,0
DA:25,0
DA:26,0
DA:27,0
BRF:0
BRH:0
end_of_record
SF:./app/controllers/healthcheck_controller.rb
DA:3,0
DA:4,0
DA:5,0
DA:6,0
DA:8,0
DA:10,0
DA:11,0
DA:12,0
DA:13,0
DA:14,0
DA:15,0
BRF:0
BRH:0
end_of_record
SF:./app/helpers/application_helper.rb
DA:3,0
DA:4,0
BRF:0
BRH:0
end_of_record
SF:./app/jobs/pull_latest_version_data.rb
DA:1,0
DA:2,0
DA:4,0
DA:5,0
DA:7,0
DA:9,0
DA:10,0
DA:17,0
DA:18,0
BRF:0
BRH:0
end_of_record
SF:./app/models/application_record.rb
DA:3,0
DA:4,0
DA:5,0
BRF:0
BRH:0
end_of_record
SF:./app/models/change_log.rb
DA:1,0
DA:2,0
BRF:0
BRH:0
end_of_record
SF:./app/models/claim.rb
DA:1,0
DA:2,0
BRF:0
BRH:0
end_of_record
SF:./app/models/review_log.rb
DA:1,0
DA:2,0
BRF:0
BRH:0
end_of_record
SF:./app/models/version.rb
DA:1,0
DA:2,0
BRF:0
BRH:0
end_of_record
