SF:./app/channels/application_cable/channel.rb
DA:3,0
DA:4,0
DA:5,0
DA:6,0
BRF:0
BRH:0
end_of_record
SF:./app/channels/application_cable/connection.rb
DA:3,0
DA:4,0
DA:5,0
DA:6,0
BRF:0
BRH:0
end_of_record
SF:./app/controllers/application_controller.rb
DA:3,0
DA:4,0
BRF:0
BRH:0
end_of_record
SF:./app/controllers/application_versions_controller.rb
DA:1,0
DA:2,0
DA:4,0
DA:5,0
DA:7,0
DA:8,0
DA:9,0
DA:10,0
DA:11,0
DA:12,0
DA:14,0
DA:16,0
DA:17,0
DA:18,0
DA:19,0
BRF:0
BRH:0
end_of_record
SF:./app/controllers/claims_controller.rb
DA:1,0
DA:2,0
DA:3,0
DA:5,0
DA:6,0
DA:7,0
DA:9,0
DA:10,0
DA:11,0
BRF:0
BRH:0
end_of_record
SF:./app/controllers/healthcheck_controller.rb
DA:3,0
DA:4,0
DA:5,0
DA:6,0
DA:8,0
DA:10,0
DA:11,0
DA:12,0
DA:13,0
DA:14,0
DA:15,0
BRF:0
BRH:0
end_of_record
SF:./app/helpers/application_helper.rb
DA:3,1
BRF:0
BRH:0
end_of_record
SF:./app/jobs/pull_latest_version_data.rb
DA:1,1
DA:4,1
DA:6,0
DA:8,0
DA:10,0
DA:11,0
DA:12,0
DA:17,0
DA:25,1
DA:27,1
DA:28,0
BRDA:6,0,1,-
BRDA:6,0,2,-
BRDA:12,0,3,-
BRDA:16,0,4,-
BRDA:10,0,5,-
BRDA:11,0,6,-
BRF:6
BRH:0
end_of_record
SF:./app/models/application_record.rb
DA:3,1
DA:4,1
BRF:0
BRH:0
end_of_record
SF:./app/models/claim.rb
DA:1,1
DA:2,1
DA:3,1
DA:4,1
DA:5,1
BRF:0
BRH:0
end_of_record
SF:./app/models/version.rb
DA:1,0
DA:2,0
BRF:0
BRH:0
end_of_record
SF:./app/services/http_puller.rb
DA:1,0
DA:2,0
DA:3,0
DA:5,0
DA:6,0
DA:8,0
DA:9,0
DA:10,0
DA:11,0
DA:12,0
DA:13,0
DA:14,0
DA:16,0
DA:18,0
DA:19,0
DA:21,0
DA:22,0
DA:24,0
DA:25,0
DA:26,0
DA:27,0
DA:28,0
DA:29,0
DA:30,0
DA:32,0
DA:33,0
DA:34,0
DA:35,0
BRF:0
BRH:0
end_of_record
SF:./app/services/receive_application_metadata.rb
DA:1,1
DA:2,1
DA:4,1
DA:5,6
DA:8,1
DA:9,6
DA:11,6
DA:13,6
DA:15,6
DA:16,6
DA:18,4
DA:21,6
DA:23,0
BRDA:17,0,1,4
BRDA:16,0,2,2
BRDA:15,0,3,6
BRDA:22,0,4,-
BRF:4
BRH:3
end_of_record
SF:./app/view_models/claim_summary.rb
DA:1,0
DA:2,0
DA:3,0
DA:4,0
DA:5,0
DA:7,0
DA:8,0
DA:9,0
DA:10,0
DA:12,0
DA:13,0
DA:14,0
DA:15,0
BRF:0
BRH:0
end_of_record
